#
# A fatal error has been detected by the Java Runtime Environment:
#
#  EXCEPTION_ACCESS_VIOLATION (0xc0000005) at pc=0x00000000596c1487, pid=10056, tid=0x000000000000190c
#
# JRE version: Java(TM) SE Runtime Environment (8.0_161-b12) (build 1.8.0_161-b12)
# Java VM: Java HotSpot(TM) 64-Bit Server VM (25.161-b12 mixed mode windows-amd64 compressed oops)
# Problematic frame:
# V  [jvm.dll+0x511487]
#
# Failed to write core dump. Minidumps are not enabled by default on client versions of Windows
#
# If you would like to submit a bug report, please visit:
#   http://bugreport.java.com/bugreport/crash.jsp
#

---------------  T H R E A D  ---------------

Current thread (0x000000001e844000):  JavaThread "C2 CompilerThread1" daemon [_thread_in_native, id=6412, stack(0x000000001f180000,0x000000001f280000)]

siginfo: ExceptionCode=0xc0000005, reading address 0x00000050216fcf58

Registers:
RAX=0x0000000024077710, RBX=0x000000001f27c920, RCX=0x0000000024077710, RDX=0x00000000000004eb
RSP=0x000000001f27bd40, RBP=0x0000000000000219, RSI=0x00000050216fcf30, RDI=0x000000001f27ea50
R8 =0x00000000000015bc, R9 =0x00000000216fd148, R10=0x000000000000001d, R11=0x000000001e8f9d80
R12=0x0000000020f457e0, R13=0x00000000000008ad, R14=0x0000000000000000, R15=0x0000000024936468
RIP=0x00000000596c1487, EFLAGS=0x0000000000010202

Top of Stack: (sp=0x000000001f27bd40)
0x000000001f27bd40:   0000000000000218 000000001fd8ede8
0x000000001f27bd50:   000000001f27c920 00000000241c7760
0x000000001f27bd60:   000000001f27ea50 000000002492e480
0x000000001f27bd70:   00000000000302e8 0000000059625d9f
0x000000001f27bd80:   000000001f27be80 000000001e875690
0x000000001f27bd90:   000000002492f7c0 000000001f27ea50
0x000000001f27bda0:   0000000024443e00 000000005926d7b6
0x000000001f27bdb0:   000000002420e318 0000000000000000
0x000000001f27bdc0:   0000000000000000 000000001e844000
0x000000001f27bdd0:   000000001e844000 000000005926d6e0
0x000000001f27bde0:   000000001bef03d0 0000000059270484
0x000000001f27bdf0:   000000001f27be30 0000000080000111
0x000000001f27be00:   0000000002e60000 0000000000000000
0x000000001f27be10:   000000001bef03d0 0000000000000000
0x000000001f27be20:   00000000000302e8 000000001f27ea50
0x000000001f27be30:   0000000000000000 000000005981b738 

Instructions: (pc=0x00000000596c1487)
0x00000000596c1467:   d5 e8 43 66 fe ff 48 8b 83 10 0a 00 00 4c 89 24
0x00000000596c1477:   e8 44 39 b3 18 0a 00 00 74 06 ff 83 40 0a 00 00
0x00000000596c1487:   8b 56 28 48 8d 8b 20 0a 00 00 48 8b 01 ff 50 20
0x00000000596c1497:   48 8b 43 10 41 ff c5 44 8b 80 68 01 00 00 44 2b 


Register to memory mapping:

RAX=0x0000000024077710 is an unknown value
RBX=0x000000001f27c920 is pointing into the stack for thread: 0x000000001e844000
RCX=0x0000000024077710 is an unknown value
RDX=0x00000000000004eb is an unknown value
RSP=0x000000001f27bd40 is pointing into the stack for thread: 0x000000001e844000
RBP=0x0000000000000219 is an unknown value
RSI=0x00000050216fcf30 is an unknown value
RDI=0x000000001f27ea50 is pointing into the stack for thread: 0x000000001e844000
R8 =0x00000000000015bc is an unknown value
R9 =0x00000000216fd148 is an unknown value
R10=0x000000000000001d is an unknown value
R11=0x000000001e8f9d80 is an unknown value
R12=0x0000000020f457e0 is an unknown value
R13=0x00000000000008ad is an unknown value
R14=0x0000000000000000 is an unknown value
R15=0x0000000024936468 is an unknown value


Stack: [0x000000001f180000,0x000000001f280000],  sp=0x000000001f27bd40,  free space=1007k
Native frames: (J=compiled Java code, j=interpreted, Vv=VM code, C=native code)
V  [jvm.dll+0x511487]
V  [jvm.dll+0x475d9f]
V  [jvm.dll+0x4778d3]
V  [jvm.dll+0x45a172]
V  [jvm.dll+0xa6052]
V  [jvm.dll+0xa699f]
V  [jvm.dll+0x24533f]
V  [jvm.dll+0x29cc4a]
C  [msvcr100.dll+0x21d9f]
C  [msvcr100.dll+0x21e3b]
C  [KERNEL32.DLL+0x18102]
C  [ntdll.dll+0x5c5b4]


Current CompileTask:
C2:  17184 2942       4       sun.awt.geom.AreaOp::pruneEdges (1075 bytes)


---------------  P R O C E S S  ---------------

Java Threads: ( => current thread )
  0x0000000020e1d800 JavaThread "AIM4 Simulator Thread" [_thread_in_Java, id=1124, stack(0x0000000024ec0000,0x0000000024fc0000)]
  0x000000001eaf1000 JavaThread "TimerQueue" daemon [_thread_blocked, id=7744, stack(0x0000000024dc0000,0x0000000024ec0000)]
  0x0000000002e12800 JavaThread "DestroyJavaVM" [_thread_blocked, id=5252, stack(0x0000000002c10000,0x0000000002d10000)]
  0x000000001f8c9800 JavaThread "AWT-EventQueue-0" [_thread_blocked, id=7772, stack(0x0000000022d70000,0x0000000022e70000)]
  0x000000001f829000 JavaThread "AWT-Windows" daemon [_thread_in_native, id=5104, stack(0x0000000020180000,0x0000000020280000)]
  0x000000001f828800 JavaThread "AWT-Shutdown" [_thread_blocked, id=4336, stack(0x0000000020080000,0x0000000020180000)]
  0x000000001f827800 JavaThread "Java2D Disposer" daemon [_thread_blocked, id=9036, stack(0x000000001ff60000,0x0000000020060000)]
  0x000000001e85a000 JavaThread "Service Thread" daemon [_thread_blocked, id=1144, stack(0x000000001f480000,0x000000001f580000)]
  0x000000001e853800 JavaThread "C1 CompilerThread3" daemon [_thread_blocked, id=6540, stack(0x000000001f380000,0x000000001f480000)]
  0x000000001e848800 JavaThread "C2 CompilerThread2" daemon [_thread_in_native, id=4768, stack(0x000000001f280000,0x000000001f380000)]
=>0x000000001e844000 JavaThread "C2 CompilerThread1" daemon [_thread_in_native, id=6412, stack(0x000000001f180000,0x000000001f280000)]
  0x000000001e843000 JavaThread "C2 CompilerThread0" daemon [_thread_in_native, id=4444, stack(0x000000001f080000,0x000000001f180000)]
  0x000000001e8d8000 JavaThread "Monitor Ctrl-Break" daemon [_thread_in_native, id=9240, stack(0x000000001ef80000,0x000000001f080000)]
  0x000000001e7ca800 JavaThread "Attach Listener" daemon [_thread_blocked, id=9900, stack(0x000000001ee80000,0x000000001ef80000)]
  0x000000001e7c9800 JavaThread "Signal Dispatcher" daemon [_thread_blocked, id=8688, stack(0x000000001ed80000,0x000000001ee80000)]
  0x000000001e7c0800 JavaThread "Finalizer" daemon [_thread_blocked, id=7232, stack(0x000000001eba0000,0x000000001eca0000)]
  0x0000000002f0a000 JavaThread "Reference Handler" daemon [_thread_blocked, id=9844, stack(0x000000001e6a0000,0x000000001e7a0000)]

Other Threads:
  0x000000001c8d8800 VMThread [stack: 0x000000001e5a0000,0x000000001e6a0000] [id=5984]
  0x000000001ea43800 WatcherThread [stack: 0x000000001f580000,0x000000001f680000] [id=9268]

VM state:not at safepoint (normal execution)

VM Mutex/Monitor currently owned by a thread: None

Heap:
 PSYoungGen      total 343552K, used 133622K [0x000000076b600000, 0x0000000786600000, 0x00000007c0000000)
  eden space 249856K, 30% used [0x000000076b600000,0x0000000770171180,0x000000077aa00000)
  from space 93696K, 60% used [0x0000000780a80000,0x000000078418c928,0x0000000786600000)
  to   space 96256K, 0% used [0x000000077aa00000,0x000000077aa00000,0x0000000780800000)
 ParOldGen       total 326144K, used 37020K [0x00000006c2200000, 0x00000006d6080000, 0x000000076b600000)
  object space 326144K, 11% used [0x00000006c2200000,0x00000006c4627198,0x00000006d6080000)
 Metaspace       used 16415K, capacity 16604K, committed 16768K, reserved 1064960K
  class space    used 2080K, capacity 2152K, committed 2176K, reserved 1048576K

Card table byte_map: [0x00000000122d0000,0x0000000012ac0000] byte_map_base: 0x000000000ecbf000

Marking Bits: (ParMarkBitMap*) 0x00000000599cf860
 Begin Bits: [0x0000000013810000, 0x0000000017788000)
 End Bits:   [0x0000000017788000, 0x000000001b700000)

Polling page: 0x0000000000e80000

CodeCache: size=245760Kb used=9834Kb max_used=10186Kb free=235925Kb
 bounds [0x0000000002f10000, 0x0000000003910000, 0x0000000011f10000]
 total_blobs=3348 nmethods=2771 adapters=487
 compilation: enabled

Compilation events (10 events):
Event: 17.150 Thread 0x000000001e853800 2939       3       sun.java2d.SunGraphics2D::setStroke (60 bytes)
Event: 17.150 Thread 0x000000001e853800 nmethod 2939 0x000000000319e7d0 code [0x000000000319e980, 0x000000000319ef48]
Event: 17.151 Thread 0x000000001e853800 2941  s    2       javax.swing.RepaintManager::extendDirtyRegion (36 bytes)
Event: 17.151 Thread 0x000000001e853800 nmethod 2941 0x000000000313c3d0 code [0x000000000313c540, 0x000000000313c918]
Event: 17.151 Thread 0x000000001e843000 nmethod 2935 0x00000000031b2990 code [0x00000000031b2b40, 0x00000000031b3788]
Event: 17.151 Thread 0x000000001e843000 2940       4       sun.awt.SunToolkit::targetToAppContext (30 bytes)
Event: 17.153 Thread 0x000000001e844000 nmethod 2936 0x0000000003013850 code [0x0000000003013a20, 0x0000000003013f68]
Event: 17.153 Thread 0x000000001e844000 2942       4       sun.awt.geom.AreaOp::pruneEdges (1075 bytes)
Event: 17.154 Thread 0x000000001e843000 nmethod 2940 0x0000000003012350 code [0x00000000030124a0, 0x0000000003012878]
Event: 17.154 Thread 0x000000001e843000 2905       4       aim4.driver.aim.AIMAutoDriver::act (107 bytes)

GC Heap History (10 events):
Event: 6.058 GC heap before
{Heap before GC invocations=12 (full 3):
 PSYoungGen      total 273920K, used 205661K [0x000000076b600000, 0x0000000783780000, 0x00000007c0000000)
  eden space 185856K, 95% used [0x000000076b600000,0x00000007762acd68,0x0000000776b80000)
  from space 88064K, 32% used [0x000000077e180000,0x000000077fdaa698,0x0000000783780000)
  to   space 104448K, 0% used [0x0000000776b80000,0x0000000776b80000,0x000000077d180000)
 ParOldGen       total 326144K, used 151628K [0x00000006c2200000, 0x00000006d6080000, 0x000000076b600000)
  object space 326144K, 46% used [0x00000006c2200000,0x00000006cb613260,0x00000006d6080000)
 Metaspace       used 14654K, capacity 14844K, committed 15104K, reserved 1062912K
  class space    used 1926K, capacity 1992K, committed 2048K, reserved 1048576K
Event: 6.065 GC heap after
Heap after GC invocations=12 (full 3):
 PSYoungGen      total 290304K, used 30930K [0x000000076b600000, 0x0000000784c00000, 0x00000007c0000000)
  eden space 185856K, 0% used [0x000000076b600000,0x000000076b600000,0x0000000776b80000)
  from space 104448K, 29% used [0x0000000776b80000,0x00000007789b4be0,0x000000077d180000)
  to   space 97792K, 0% used [0x000000077ec80000,0x000000077ec80000,0x0000000784c00000)
 ParOldGen       total 326144K, used 151636K [0x00000006c2200000, 0x00000006d6080000, 0x000000076b600000)
  object space 326144K, 46% used [0x00000006c2200000,0x00000006cb615260,0x00000006d6080000)
 Metaspace       used 14654K, capacity 14844K, committed 15104K, reserved 1062912K
  class space    used 1926K, capacity 1992K, committed 2048K, reserved 1048576K
}
Event: 15.629 GC heap before
{Heap before GC invocations=13 (full 3):
 PSYoungGen      total 290304K, used 109101K [0x000000076b600000, 0x0000000784c00000, 0x00000007c0000000)
  eden space 185856K, 42% used [0x000000076b600000,0x0000000770256a20,0x0000000776b80000)
  from space 104448K, 29% used [0x0000000776b80000,0x00000007789b4be0,0x000000077d180000)
  to   space 97792K, 0% used [0x000000077ec80000,0x000000077ec80000,0x0000000784c00000)
 ParOldGen       total 326144K, used 151636K [0x00000006c2200000, 0x00000006d6080000, 0x000000076b600000)
  object space 326144K, 46% used [0x00000006c2200000,0x00000006cb615260,0x00000006d6080000)
 Metaspace       used 14862K, capacity 15068K, committed 15360K, reserved 1062912K
  class space    used 1947K, capacity 2024K, committed 2048K, reserved 1048576K
Event: 15.635 GC heap after
Heap after GC invocations=13 (full 3):
 PSYoungGen      total 306688K, used 30962K [0x000000076b600000, 0x0000000784100000, 0x00000007c0000000)
  eden space 220160K, 0% used [0x000000076b600000,0x000000076b600000,0x0000000778d00000)
  from space 86528K, 35% used [0x000000077ec80000,0x0000000780abcbe0,0x0000000784100000)
  to   space 92160K, 0% used [0x0000000778d00000,0x0000000778d00000,0x000000077e700000)
 ParOldGen       total 326144K, used 151644K [0x00000006c2200000, 0x00000006d6080000, 0x000000076b600000)
  object space 326144K, 46% used [0x00000006c2200000,0x00000006cb617260,0x00000006d6080000)
 Metaspace       used 14862K, capacity 15068K, committed 15360K, reserved 1062912K
  class space    used 1947K, capacity 2024K, committed 2048K, reserved 1048576K
}
Event: 15.635 GC heap before
{Heap before GC invocations=14 (full 4):
 PSYoungGen      total 306688K, used 30962K [0x000000076b600000, 0x0000000784100000, 0x00000007c0000000)
  eden space 220160K, 0% used [0x000000076b600000,0x000000076b600000,0x0000000778d00000)
  from space 86528K, 35% used [0x000000077ec80000,0x0000000780abcbe0,0x0000000784100000)
  to   space 92160K, 0% used [0x0000000778d00000,0x0000000778d00000,0x000000077e700000)
 ParOldGen       total 326144K, used 151644K [0x00000006c2200000, 0x00000006d6080000, 0x000000076b600000)
  object space 326144K, 46% used [0x00000006c2200000,0x00000006cb617260,0x00000006d6080000)
 Metaspace       used 14862K, capacity 15068K, committed 15360K, reserved 1062912K
  class space    used 1947K, capacity 2024K, committed 2048K, reserved 1048576K
Event: 15.673 GC heap after
Heap after GC invocations=14 (full 4):
 PSYoungGen      total 306688K, used 0K [0x000000076b600000, 0x0000000784100000, 0x00000007c0000000)
  eden space 220160K, 0% used [0x000000076b600000,0x000000076b600000,0x0000000778d00000)
  from space 86528K, 0% used [0x000000077ec80000,0x000000077ec80000,0x0000000784100000)
  to   space 92160K, 0% used [0x0000000778d00000,0x0000000778d00000,0x000000077e700000)
 ParOldGen       total 326144K, used 37004K [0x00000006c2200000, 0x00000006d6080000, 0x000000076b600000)
  object space 326144K, 11% used [0x00000006c2200000,0x00000006c4623198,0x00000006d6080000)
 Metaspace       used 14862K, capacity 15068K, committed 15360K, reserved 1062912K
  class space    used 1947K, capacity 2024K, committed 2048K, reserved 1048576K
}
Event: 16.496 GC heap before
{Heap before GC invocations=15 (full 4):
 PSYoungGen      total 306688K, used 220160K [0x000000076b600000, 0x0000000784100000, 0x00000007c0000000)
  eden space 220160K, 100% used [0x000000076b600000,0x0000000778d00000,0x0000000778d00000)
  from space 86528K, 0% used [0x000000077ec80000,0x000000077ec80000,0x0000000784100000)
  to   space 92160K, 0% used [0x0000000778d00000,0x0000000778d00000,0x000000077e700000)
 ParOldGen       total 326144K, used 37004K [0x00000006c2200000, 0x00000006d6080000, 0x000000076b600000)
  object space 326144K, 11% used [0x00000006c2200000,0x00000006c4623198,0x00000006d6080000)
 Metaspace       used 16324K, capacity 16540K, committed 16768K, reserved 1064960K
  class space    used 2080K, capacity 2152K, committed 2176K, reserved 1048576K
Event: 16.505 GC heap after
Heap after GC invocations=15 (full 4):
 PSYoungGen      total 312320K, used 56610K [0x000000076b600000, 0x0000000786700000, 0x00000007c0000000)
  eden space 220160K, 0% used [0x000000076b600000,0x000000076b600000,0x0000000778d00000)
  from space 92160K, 61% used [0x0000000778d00000,0x000000077c448808,0x000000077e700000)
  to   space 94720K, 0% used [0x0000000780a80000,0x0000000780a80000,0x0000000786700000)
 ParOldGen       total 326144K, used 37012K [0x00000006c2200000, 0x00000006d6080000, 0x000000076b600000)
  object space 326144K, 11% used [0x00000006c2200000,0x00000006c4625198,0x00000006d6080000)
 Metaspace       used 16324K, capacity 16540K, committed 16768K, reserved 1064960K
  class space    used 2080K, capacity 2152K, committed 2176K, reserved 1048576K
}
Event: 17.004 GC heap before
{Heap before GC invocations=16 (full 4):
 PSYoungGen      total 312320K, used 276770K [0x000000076b600000, 0x0000000786700000, 0x00000007c0000000)
  eden space 220160K, 100% used [0x000000076b600000,0x0000000778d00000,0x0000000778d00000)
  from space 92160K, 61% used [0x0000000778d00000,0x000000077c448808,0x000000077e700000)
  to   space 94720K, 0% used [0x0000000780a80000,0x0000000780a80000,0x0000000786700000)
 ParOldGen       total 326144K, used 37012K [0x00000006c2200000, 0x00000006d6080000, 0x000000076b600000)
  object space 326144K, 11% used [0x00000006c2200000,0x00000006c4625198,0x00000006d6080000)
 Metaspace       used 16389K, capacity 16604K, committed 16768K, reserved 1064960K
  class space    used 2080K, capacity 2152K, committed 2176K, reserved 1048576K
Event: 17.023 GC heap after
Heap after GC invocations=16 (full 4):
 PSYoungGen      total 343552K, used 56370K [0x000000076b600000, 0x0000000786600000, 0x00000007c0000000)
  eden space 249856K, 0% used [0x000000076b600000,0x000000076b600000,0x000000077aa00000)
  from space 93696K, 60% used [0x0000000780a80000,0x000000078418c928,0x0000000786600000)
  to   space 96256K, 0% used [0x000000077aa00000,0x000000077aa00000,0x0000000780800000)
 ParOldGen       total 326144K, used 37020K [0x00000006c2200000, 0x00000006d6080000, 0x000000076b600000)
  object space 326144K, 11% used [0x00000006c2200000,0x00000006c4627198,0x00000006d6080000)
 Metaspace       used 16389K, capacity 16604K, committed 16768K, reserved 1064960K
  class space    used 2080K, capacity 2152K, committed 2176K, reserved 1048576K
}

Deoptimization events (10 events):
Event: 16.090 Thread 0x0000000020e1d800 Uncommon trap: reason=array_check action=maybe_recompile pc=0x0000000003781280 method=java.util.TimSort.binarySort([Ljava/lang/Object;IIILjava/util/Comparator;)V @ 193
Event: 16.090 Thread 0x0000000020e1d800 Uncommon trap: reason=array_check action=maybe_recompile pc=0x0000000003781280 method=java.util.TimSort.binarySort([Ljava/lang/Object;IIILjava/util/Comparator;)V @ 193
Event: 16.155 Thread 0x0000000020e1d800 Uncommon trap: reason=unstable_if action=reinterpret pc=0x0000000003656ab0 method=java.lang.Math.max(DD)D @ 17
Event: 16.198 Thread 0x0000000020e1d800 Uncommon trap: reason=array_check action=maybe_recompile pc=0x00000000037d5170 method=java.util.TimSort.binarySort([Ljava/lang/Object;IIILjava/util/Comparator;)V @ 215
Event: 16.200 Thread 0x0000000020e1d800 Uncommon trap: reason=array_check action=maybe_recompile pc=0x00000000037d5170 method=java.util.TimSort.binarySort([Ljava/lang/Object;IIILjava/util/Comparator;)V @ 215
Event: 16.222 Thread 0x0000000020e1d800 Uncommon trap: reason=unstable_if action=reinterpret pc=0x00000000037e3c78 method=sun.awt.geom.Edge.compareTo(Lsun/awt/geom/Edge;[D)I @ 47
Event: 16.420 Thread 0x0000000020e1d800 Uncommon trap: reason=unstable_if action=reinterpret pc=0x0000000003845f20 method=java.util.TreeMap.fixAfterInsertion(Ljava/util/TreeMap$Entry;)V @ 105
Event: 16.468 Thread 0x0000000020e1d800 Uncommon trap: reason=unstable_if action=reinterpret pc=0x0000000003863850 method=java.awt.geom.Area.contains(DD)Z @ 68
Event: 16.546 Thread 0x000000001f8c9800 Uncommon trap: reason=unstable_if action=reinterpret pc=0x0000000003604a3c method=java.awt.Container.findComponentAtImpl(IIZ)Ljava/awt/Component; @ 24
Event: 16.613 Thread 0x0000000020e1d800 Uncommon trap: reason=unstable_if action=reinterpret pc=0x0000000003874190 method=java.util.TreeMap.fixAfterInsertion(Ljava/util/TreeMap$Entry;)V @ 105

Classes redefined (0 events):
No events

Internal exceptions (10 events):
Event: 0.162 Thread 0x0000000002e12800 Exception <a 'java/security/PrivilegedActionException'> (0x000000076b843870) thrown at [C:\re\workspace\8-2-build-windows-amd64-cygwin\jdk8u161\10277\hotspot\src\share\vm\prims\jvm.cpp, line 1390]
Event: 0.162 Thread 0x0000000002e12800 Exception <a 'java/security/PrivilegedActionException'> (0x000000076b843a80) thrown at [C:\re\workspace\8-2-build-windows-amd64-cygwin\jdk8u161\10277\hotspot\src\share\vm\prims\jvm.cpp, line 1390]
Event: 0.163 Thread 0x0000000002e12800 Exception <a 'java/security/PrivilegedActionException'> (0x000000076b847990) thrown at [C:\re\workspace\8-2-build-windows-amd64-cygwin\jdk8u161\10277\hotspot\src\share\vm\prims\jvm.cpp, line 1390]
Event: 0.163 Thread 0x0000000002e12800 Exception <a 'java/security/PrivilegedActionException'> (0x000000076b847ba0) thrown at [C:\re\workspace\8-2-build-windows-amd64-cygwin\jdk8u161\10277\hotspot\src\share\vm\prims\jvm.cpp, line 1390]
Event: 0.168 Thread 0x0000000002e12800 Exception <a 'java/io/FileNotFoundException'> (0x000000076b84f598) thrown at [C:\re\workspace\8-2-build-windows-amd64-cygwin\jdk8u161\10277\hotspot\src\share\vm\prims\jni.cpp, line 709]
Event: 0.199 Thread 0x0000000002e12800 Exception <a 'java/lang/NoSuchFieldError': method resolution failed> (0x000000076bc09f30) thrown at [C:\re\workspace\8-2-build-windows-amd64-cygwin\jdk8u161\10277\hotspot\src\share\vm\prims\methodHandles.cpp, line 1167]
Event: 0.201 Thread 0x0000000002e12800 Exception <a 'java/lang/NoSuchFieldError': method resolution failed> (0x000000076bc17da8) thrown at [C:\re\workspace\8-2-build-windows-amd64-cygwin\jdk8u161\10277\hotspot\src\share\vm\prims\methodHandles.cpp, line 1167]
Event: 0.245 Thread 0x0000000002e12800 Exception <a 'java/io/FileNotFoundException'> (0x000000076bd7f470) thrown at [C:\re\workspace\8-2-build-windows-amd64-cygwin\jdk8u161\10277\hotspot\src\share\vm\prims\jni.cpp, line 709]
Event: 0.292 Thread 0x0000000002e12800 Implicit null exception at 0x000000000301fed5 to 0x00000000030200ad
Event: 15.827 Thread 0x0000000020e1d800 Implicit null exception at 0x000000000350e5e2 to 0x000000000350e739

Events (10 events):
Event: 17.060 Thread 0x000000001e844000 flushing nmethod 0x0000000003263590
Event: 17.060 Thread 0x000000001e844000 flushing nmethod 0x00000000032651d0
Event: 17.071 Thread 0x000000001e853800 flushing nmethod 0x0000000003273410
Event: 17.071 Thread 0x000000001e853800 flushing nmethod 0x00000000032878d0
Event: 17.071 Thread 0x000000001e853800 flushing nmethod 0x00000000032ec590
Event: 17.071 Thread 0x000000001e853800 flushing nmethod 0x00000000032facd0
Event: 17.072 Thread 0x000000001e853800 flushing nmethod 0x0000000003346a10
Event: 17.073 Thread 0x000000001e853800 flushing nmethod 0x00000000033d7990
Event: 17.153 Thread 0x0000000020e1d800 DEOPT PACKING pc=0x0000000003825d77 sp=0x0000000024fbec00
Event: 17.153 Thread 0x0000000020e1d800 DEOPT UNPACKING pc=0x0000000002f57890 sp=0x0000000024fbeaf8 mode 0


Dynamic libraries:
0x00007ff7997b0000 - 0x00007ff7997e7000 	C:\Program Files\Java\jdk1.8.0_161\bin\java.exe
0x00007ffcad0c0000 - 0x00007ffcad281000 	C:\Windows\SYSTEM32\ntdll.dll
0x00007ffcaa550000 - 0x00007ffcaa5fd000 	C:\Windows\system32\KERNEL32.DLL
0x00007ffca9920000 - 0x00007ffca9b08000 	C:\Windows\system32\KERNELBASE.dll
0x00007ffcaaae0000 - 0x00007ffcaab87000 	C:\Windows\system32\ADVAPI32.dll
0x00007ffcacb40000 - 0x00007ffcacbdd000 	C:\Windows\system32\msvcrt.dll
0x00007ffcac6b0000 - 0x00007ffcac70b000 	C:\Windows\system32\sechost.dll
0x00007ffcaa600000 - 0x00007ffcaa71d000 	C:\Windows\system32\RPCRT4.dll
0x00007ffcaa910000 - 0x00007ffcaaa66000 	C:\Windows\system32\USER32.dll
0x00007ffcaa720000 - 0x00007ffcaa8a7000 	C:\Windows\system32\GDI32.dll
0x00007ffc9a010000 - 0x00007ffc9a284000 	C:\Windows\WinSxS\amd64_microsoft.windows.common-controls_6595b64144ccf1df_6.0.10586.839_none_a2ddba30a539a2ae\COMCTL32.dll
0x00007ffcaccf0000 - 0x00007ffcacf6e000 	C:\Windows\system32\combase.dll
0x00007ffca98b0000 - 0x00007ffca991a000 	C:\Windows\system32\bcryptPrimitives.dll
0x00007ffcaab90000 - 0x00007ffcaabcb000 	C:\Windows\system32\IMM32.DLL
0x00007ffca8a90000 - 0x00007ffca8ac1000 	C:\Windows\SYSTEM32\ntmarta.dll
0x00007ffca93c0000 - 0x00007ffca93ed000 	C:\Windows\SYSTEM32\SspiCli.dll
0x0000000059a50000 - 0x0000000059b22000 	C:\Program Files\Java\jdk1.8.0_161\jre\bin\msvcr100.dll
0x00000000591b0000 - 0x0000000059a4f000 	C:\Program Files\Java\jdk1.8.0_161\jre\bin\server\jvm.dll
0x00007ffcaa540000 - 0x00007ffcaa548000 	C:\Windows\system32\PSAPI.DLL
0x00007ffca47e0000 - 0x00007ffca47ea000 	C:\Windows\SYSTEM32\VERSION.dll
0x00007ffca2f60000 - 0x00007ffca2f83000 	C:\Windows\SYSTEM32\WINMM.dll
0x00007ffca65b0000 - 0x00007ffca65b9000 	C:\Windows\SYSTEM32\WSOCK32.dll
0x00007ffcaaa70000 - 0x00007ffcaaadb000 	C:\Windows\system32\WS2_32.dll
0x0000000001240000 - 0x000000000126c000 	C:\Windows\SYSTEM32\WINMMBASE.dll
0x00007ffca9b10000 - 0x00007ffca9b53000 	C:\Windows\system32\cfgmgr32.dll
0x00000000591a0000 - 0x00000000591af000 	C:\Program Files\Java\jdk1.8.0_161\jre\bin\verify.dll
0x0000000059170000 - 0x0000000059199000 	C:\Program Files\Java\jdk1.8.0_161\jre\bin\java.dll
0x0000000059120000 - 0x0000000059143000 	C:\Program Files\Java\jdk1.8.0_161\jre\bin\instrument.dll
0x0000000059150000 - 0x0000000059166000 	C:\Program Files\Java\jdk1.8.0_161\jre\bin\zip.dll
0x00007ffcaabd0000 - 0x00007ffcac12c000 	C:\Windows\system32\SHELL32.dll
0x00007ffca9ca0000 - 0x00007ffcaa2e5000 	C:\Windows\system32\windows.storage.dll
0x00007ffcacc90000 - 0x00007ffcacce2000 	C:\Windows\system32\shlwapi.dll
0x00007ffca9760000 - 0x00007ffca976f000 	C:\Windows\system32\kernel.appcore.dll
0x00007ffca97f0000 - 0x00007ffca98a5000 	C:\Windows\system32\shcore.dll
0x00007ffca9700000 - 0x00007ffca974b000 	C:\Windows\system32\powrprof.dll
0x00007ffca96e0000 - 0x00007ffca96f4000 	C:\Windows\system32\profapi.dll
0x00007ffca5150000 - 0x00007ffca516a000 	C:\Program Files\JetBrains\IntelliJ IDEA Community Edition 2017.3.4\bin\breakgen64.dll
0x0000000059100000 - 0x000000005911a000 	C:\Program Files\Java\jdk1.8.0_161\jre\bin\net.dll
0x00007ffca8fb0000 - 0x00007ffca900c000 	C:\Windows\system32\mswsock.dll
0x0000000058f60000 - 0x00000000590f8000 	C:\Program Files\Java\jdk1.8.0_161\jre\bin\awt.dll
0x00007ffcacff0000 - 0x00007ffcad0b6000 	C:\Windows\system32\OLEAUT32.dll
0x00007ffca47f0000 - 0x00007ffca4869000 	C:\Windows\system32\apphelp.dll
0x00007ffca3360000 - 0x00007ffca3382000 	C:\Windows\system32\DWMAPI.DLL
0x00007ffca7ef0000 - 0x00007ffca7f86000 	C:\Windows\system32\uxtheme.dll
0x00007ffc8b060000 - 0x00007ffc8b189000 	C:\Windows\system32\opengl32.dll
0x00007ffca4b80000 - 0x00007ffca4bae000 	C:\Windows\SYSTEM32\GLU32.dll
0x00007ffc8af60000 - 0x00007ffc8b05a000 	C:\Windows\SYSTEM32\DDRAW.dll
0x00007ffca4c10000 - 0x00007ffca4c18000 	C:\Windows\SYSTEM32\DCIMAN32.dll
0x00007ffcac240000 - 0x00007ffcac39a000 	C:\Windows\system32\MSCTF.dll
0x00007ffcac560000 - 0x00007ffcac6a3000 	C:\Windows\system32\ole32.dll
0x00007ffc88a70000 - 0x00007ffc88c9d000 	C:\Program Files\Acer\Acer Power Management\SysHook.dll
0x00007ffcac130000 - 0x00007ffcac23b000 	C:\Windows\system32\COMDLG32.dll
0x00007ffca9c10000 - 0x00007ffca9c96000 	C:\Windows\system32\FirewallAPI.dll
0x00007ffc985b0000 - 0x00007ffc985b7000 	C:\Windows\SYSTEM32\MSIMG32.dll
0x00007ffca97d0000 - 0x00007ffca97e7000 	C:\Windows\system32\NETAPI32.dll
0x00007ffc952d0000 - 0x00007ffc95354000 	C:\Windows\SYSTEM32\WINSPOOL.DRV
0x00007ffc96b60000 - 0x00007ffc96b6c000 	C:\Windows\SYSTEM32\DAVHLPR.DLL
0x00007ffc95260000 - 0x00007ffc952ca000 	C:\Windows\SYSTEM32\OLEACC.dll
0x00007ffca9610000 - 0x00007ffca9639000 	C:\Windows\SYSTEM32\bcrypt.dll
0x00007ffc95360000 - 0x00007ffc95508000 	C:\Windows\WinSxS\amd64_microsoft.windows.gdiplus_6595b64144ccf1df_1.1.10586.1106_none_9396e55ea8022558\gdiplus.dll
0x00007ffca82f0000 - 0x00007ffca8322000 	C:\Windows\system32\fwbase.dll
0x0000000058f10000 - 0x0000000058f57000 	C:\Program Files\Java\jdk1.8.0_161\jre\bin\fontmanager.dll
0x0000000058ef0000 - 0x0000000058f01000 	C:\Program Files\Java\jdk1.8.0_161\jre\bin\nio.dll
0x0000000058ea0000 - 0x0000000058ee2000 	C:\Program Files\Java\jdk1.8.0_161\jre\bin\t2k.dll
0x00007ffca9060000 - 0x00007ffca9077000 	C:\Windows\SYSTEM32\CRYPTSP.dll
0x00007ffca8cf0000 - 0x00007ffca8d24000 	C:\Windows\system32\rsaenh.dll
0x00007ffca8e40000 - 0x00007ffca8e5f000 	C:\Windows\SYSTEM32\USERENV.dll
0x00007ffca91e0000 - 0x00007ffca91eb000 	C:\Windows\SYSTEM32\CRYPTBASE.dll
0x00007ffca6a10000 - 0x00007ffca6a48000 	C:\Windows\SYSTEM32\IPHLPAPI.DLL
0x00007ffcac550000 - 0x00007ffcac558000 	C:\Windows\system32\NSI.dll
0x00007ffca5f50000 - 0x00007ffca5f66000 	C:\Windows\SYSTEM32\dhcpcsvc6.DLL
0x00007ffca68d0000 - 0x00007ffca68ea000 	C:\Windows\SYSTEM32\dhcpcsvc.DLL
0x00007ffcacbe0000 - 0x00007ffcacc87000 	C:\Windows\system32\clbcatq.dll
0x00007ffca7c40000 - 0x00007ffca7df1000 	C:\Windows\SYSTEM32\WindowsCodecs.dll
0x00007ffc88540000 - 0x00007ffc8858a000 	C:\Windows\system32\dataexchange.dll
0x00007ffca2f90000 - 0x00007ffca3238000 	C:\Windows\system32\d3d11.dll
0x00007ffca36f0000 - 0x00007ffca37d3000 	C:\Windows\system32\dcomp.dll
0x00007ffca2e50000 - 0x00007ffca2ef2000 	C:\Windows\system32\dxgi.dll
0x00007ffca8090000 - 0x00007ffca8190000 	C:\Windows\system32\twinapi.appcore.dll
0x0000000058e70000 - 0x0000000058e9a000 	C:\Program Files\Java\jdk1.8.0_161\jre\bin\dcpr.dll
0x00007ffca6fc0000 - 0x00007ffca714c000 	C:\Windows\SYSTEM32\dbghelp.dll

VM Arguments:
jvm_args: -javaagent:C:\Program Files\JetBrains\IntelliJ IDEA Community Edition 2017.3.4\lib\idea_rt.jar=51245:C:\Program Files\JetBrains\IntelliJ IDEA Community Edition 2017.3.4\bin -Dfile.encoding=UTF-8 
java_command: aim4.Main
java_class_path (initial): C:\Program Files\Java\jdk1.8.0_161\jre\lib\charsets.jar;C:\Program Files\Java\jdk1.8.0_161\jre\lib\deploy.jar;C:\Program Files\Java\jdk1.8.0_161\jre\lib\ext\access-bridge-64.jar;C:\Program Files\Java\jdk1.8.0_161\jre\lib\ext\cldrdata.jar;C:\Program Files\Java\jdk1.8.0_161\jre\lib\ext\dnsns.jar;C:\Program Files\Java\jdk1.8.0_161\jre\lib\ext\jaccess.jar;C:\Program Files\Java\jdk1.8.0_161\jre\lib\ext\jfxrt.jar;C:\Program Files\Java\jdk1.8.0_161\jre\lib\ext\localedata.jar;C:\Program Files\Java\jdk1.8.0_161\jre\lib\ext\nashorn.jar;C:\Program Files\Java\jdk1.8.0_161\jre\lib\ext\sunec.jar;C:\Program Files\Java\jdk1.8.0_161\jre\lib\ext\sunjce_provider.jar;C:\Program Files\Java\jdk1.8.0_161\jre\lib\ext\sunmscapi.jar;C:\Program Files\Java\jdk1.8.0_161\jre\lib\ext\sunpkcs11.jar;C:\Program Files\Java\jdk1.8.0_161\jre\lib\ext\zipfs.jar;C:\Program Files\Java\jdk1.8.0_161\jre\lib\javaws.jar;C:\Program Files\Java\jdk1.8.0_161\jre\lib\jce.jar;C:\Program Files\Java\jdk1.8.0_161\jre\lib\jfr.jar;C:\Program Files\Java\jdk1.8.0_161\jre\lib\jfxswt.jar;C:\Program Files\Java\jdk1.8.0_161\jre\lib\jsse.jar;C:\Program Files\Java\jdk1.8.0_161\jre\lib\management-agent.jar;C:\Program Files\Java\jdk1.8.0_161\jre\lib\plugin.jar;C:\Program Files\Java\jdk1.8.0_161\jre\lib\resources.jar;C:\Program Files\Java\jdk1.8.0_161\jre\lib\rt.jar;B:\Projects\AVSimulatorProject\target\classes;C:\Users\dydi_\.m2\repository\net\sourceforge\javacsv\javacsv\2.0\javacsv-2.0.jar;C:\Users\dydi_\.m2\repository\com\googlecode\json-simple\json-simple\1.1.1\json-simple-1.1.1.jar;C:\Users\dydi_\.m2\repository\junit\junit\4.12\junit-4.12.jar;C:\Users\dydi_\.m2\repository\org\hamcrest\hamcrest-core\1.3\hamcrest-core-1.3.jar;C:\Users\dydi_\.m2\repository\org\mockito\mockito-all\1.9.5\mockito-all-1.9.5.jar;C:\Program Files\JetBrains\IntelliJ IDEA Community Edition 2017.3.4\lib\idea_rt.jar
Launcher Type: SUN_STANDARD

Environment Variables:
PATH=C:\ProgramData\Oracle\Java\javapath;C:\Program Files (x86)\Intel\iCLS Client\;C:\Program Files\Intel\iCLS Client\;C:\Windows\system32;C:\Windows;C:\Windows\System32\Wbem;C:\Windows\System32\WindowsPowerShell\v1.0\;C:\Program Files (x86)\Intel\Intel(R) Management Engine Components\DAL;C:\Program Files\Intel\Intel(R) Management Engine Components\DAL;C:\Program Files (x86)\Intel\Intel(R) Management Engine Components\IPT;C:\Program Files\Intel\Intel(R) Management Engine Components\IPT;C:\Program Files (x86)\NVIDIA Corporation\PhysX\Common;C:\Program Files\Git\cmd
USERNAME=dydi_
OS=Windows_NT
PROCESSOR_IDENTIFIER=Intel64 Family 6 Model 94 Stepping 3, GenuineIntel



---------------  S Y S T E M  ---------------

OS: Windows 10.0 , 64 bit Build 10586 (10.0.10586.589)

CPU:total 8 (initial active 8) (4 cores per cpu, 2 threads per core) family 6 model 94 stepping 3, cmov, cx8, fxsr, mmx, sse, sse2, sse3, ssse3, sse4.1, sse4.2, popcnt, avx, avx2, aes, clmul, erms, rtm, 3dnowpref, lzcnt, ht, tsc, tscinvbit, bmi1, bmi2, adx

Memory: 4k page, physical 16637600k(10575620k free), swap 19652256k(12777812k free)

vm_info: Java HotSpot(TM) 64-Bit Server VM (25.161-b12) for windows-amd64 JRE (1.8.0_161-b12), built on Dec 19 2017 17:52:25 by "java_re" with MS VC++ 10.0 (VS2010)

time: Tue Mar 06 00:06:48 2018
elapsed time: 17 seconds (0d 0h 0m 17s)

