#
# A fatal error has been detected by the Java Runtime Environment:
#
#  EXCEPTION_ACCESS_VIOLATION (0xc0000005) at pc=0x0000000062a12d60, pid=7092, tid=0x0000000000002fb8
#
# JRE version: Java(TM) SE Runtime Environment (8.0_161-b12) (build 1.8.0_161-b12)
# Java VM: Java HotSpot(TM) 64-Bit Server VM (25.161-b12 mixed mode windows-amd64 compressed oops)
# Problematic frame:
# V  [jvm.dll+0x4a2d60]
#
# Failed to write core dump. Minidumps are not enabled by default on client versions of Windows
#
# If you would like to submit a bug report, please visit:
#   http://bugreport.java.com/bugreport/crash.jsp
#

---------------  T H R E A D  ---------------

Current thread (0x00000000202a0000):  JavaThread "C2 CompilerThread2" daemon [_thread_in_native, id=12216, stack(0x0000000020cd0000,0x0000000020dd0000)]

siginfo: ExceptionCode=0xc0000005, reading address 0x0000001062d8ffa0

Registers:
RAX=0x0000000000000000, RBX=0x0000000023243360, RCX=0x0000001062d8ffa0, RDX=0x0000000000000000
RSP=0x0000000020dcc300, RBP=0x0000000000000002, RSI=0x0000000000000010, RDI=0x0000000020dcc350
R8 =0x0000000000000004, R9 =0x0000000023484cc0, R10=0x0000000062570000, R11=0x0000000020dcc2f0
R12=0x0000000062d8ffa0, R13=0x0000000062570000, R14=0x00000000203bfa38, R15=0x00000000000003d8
RIP=0x0000000062a12d60, EFLAGS=0x0000000000010246

Top of Stack: (sp=0x0000000020dcc300)
0x0000000020dcc300:   0000000020dcead0 0000000023244620
0x0000000020dcc310:   00000000239f5628 0000000062a0eaae
0x0000000020dcc320:   0000000000000442 0000000062a0de2f
0x0000000020dcc330:   000000002325a380 0000000023243360
0x0000000020dcc340:   0000000000000442 0000000020dcc430
0x0000000020dcc350:   000000e500000000 0000000000000008
0x0000000020dcc360:   0000001062d8ffa0 0000000000000001
0x0000000020dcc370:   00000000232650b0 0000000000000005
0x0000000020dcc380:   00000000232650a0 00000000203bf650
0x0000000020dcc390:   00000000203bf660 0000000020dcc720
0x0000000020dcc3a0:   00000000203bf650 00000000629d98a3
0x0000000020dcc3b0:   0000000020dcc830 0000000020dcc4b0
0x0000000020dcc3c0:   0000000000000000 0000000000000000
0x0000000020dcc3d0:   0000000000000002 00000000203bf650
0x0000000020dcc3e0:   000000002347cfc0 0000000023484f50
0x0000000020dcc3f0:   0000000023484fa8 0000000000097de0 

Instructions: (pc=0x0000000062a12d60)
0x0000000062a12d40:   48 8b 4f 20 48 39 04 0e 0f 84 9d 00 00 00 48 8b
0x0000000062a12d50:   0c 0e 33 d2 33 c0 48 89 4f 10 66 0f 1f 44 00 00
0x0000000062a12d60:   83 3c 08 00 0f 85 36 01 00 00 ff c2 48 83 c0 04
0x0000000062a12d70:   83 fa 08 72 eb 48 8b 47 30 48 89 44 24 30 48 85 


Register to memory mapping:

RAX=0x0000000000000000 is an unknown value
RBX=0x0000000023243360 is an unknown value
RCX=0x0000001062d8ffa0 is an unknown value
RDX=0x0000000000000000 is an unknown value
RSP=0x0000000020dcc300 is pointing into the stack for thread: 0x00000000202a0000
RBP=0x0000000000000002 is an unknown value
RSI=0x0000000000000010 is an unknown value
RDI=0x0000000020dcc350 is pointing into the stack for thread: 0x00000000202a0000
R8 =0x0000000000000004 is an unknown value
R9 =0x0000000023484cc0 is an unknown value
R10=0x0000000062570000 is an unknown value
R11=0x0000000020dcc2f0 is pointing into the stack for thread: 0x00000000202a0000
R12=0x0000000062d8ffa0 is an unknown value
R13=0x0000000062570000 is an unknown value
R14=0x00000000203bfa38 is an unknown value
R15=0x00000000000003d8 is an unknown value


Stack: [0x0000000020cd0000,0x0000000020dd0000],  sp=0x0000000020dcc300,  free space=1008k
Native frames: (J=compiled Java code, j=interpreted, Vv=VM code, C=native code)
V  [jvm.dll+0x4a2d60]
V  [jvm.dll+0x49de2f]
V  [jvm.dll+0x4698a3]
V  [jvm.dll+0x47505b]
V  [jvm.dll+0x477967]
V  [jvm.dll+0x45a172]
V  [jvm.dll+0xa6052]
V  [jvm.dll+0xa699f]
V  [jvm.dll+0x24533f]
V  [jvm.dll+0x29cc4a]
C  [msvcr100.dll+0x21d9f]
C  [msvcr100.dll+0x21e3b]
C  [KERNEL32.DLL+0x11fe4]
C  [ntdll.dll+0x6efc1]


Current CompileTask:
C2:  18654 3804   !   4       aim4.im.rim.v2i.reservation.ReservationArray::reserve (453 bytes)


---------------  P R O C E S S  ---------------

Java Threads: ( => current thread )
  0x00000000215a8800 JavaThread "AIM4 Simulator Thread" [_thread_in_Java, id=3076, stack(0x0000000027510000,0x0000000027610000)]
  0x00000000215a6000 JavaThread "TimerQueue" daemon [_thread_blocked, id=5856, stack(0x0000000027410000,0x0000000027510000)]
  0x00000000215aa000 JavaThread "Swing-Shell" daemon [_thread_blocked, id=11792, stack(0x0000000025c90000,0x0000000025d90000)]
  0x00000000215a7000 JavaThread "DestroyJavaVM" [_thread_blocked, id=11184, stack(0x0000000004590000,0x0000000004690000)]
  0x000000002164e800 JavaThread "AWT-EventQueue-0" [_thread_blocked, id=12244, stack(0x00000000242d0000,0x00000000243d0000)]
  0x0000000021599000 JavaThread "AWT-Windows" daemon [_thread_in_native, id=9732, stack(0x0000000021f90000,0x0000000022090000)]
  0x0000000021598800 JavaThread "AWT-Shutdown" [_thread_blocked, id=5972, stack(0x0000000021e90000,0x0000000021f90000)]
  0x0000000021597800 JavaThread "Java2D Disposer" daemon [_thread_blocked, id=6100, stack(0x0000000021d90000,0x0000000021e90000)]
  0x00000000203ae000 JavaThread "Service Thread" daemon [_thread_blocked, id=10356, stack(0x0000000020ed0000,0x0000000020fd0000)]
  0x0000000020283800 JavaThread "C1 CompilerThread3" daemon [_thread_blocked, id=8704, stack(0x0000000020dd0000,0x0000000020ed0000)]
=>0x00000000202a0000 JavaThread "C2 CompilerThread2" daemon [_thread_in_native, id=12216, stack(0x0000000020cd0000,0x0000000020dd0000)]
  0x000000002029f000 JavaThread "C2 CompilerThread1" daemon [_thread_in_native, id=8040, stack(0x0000000020bd0000,0x0000000020cd0000)]
  0x000000002029e800 JavaThread "C2 CompilerThread0" daemon [_thread_in_native, id=11036, stack(0x0000000020ad0000,0x0000000020bd0000)]
  0x00000000202a2000 JavaThread "Monitor Ctrl-Break" daemon [_thread_in_native, id=8152, stack(0x00000000209d0000,0x0000000020ad0000)]
  0x0000000020205000 JavaThread "Attach Listener" daemon [_thread_blocked, id=11520, stack(0x00000000208c0000,0x00000000209c0000)]
  0x0000000020204000 JavaThread "Signal Dispatcher" daemon [_thread_blocked, id=8680, stack(0x00000000207c0000,0x00000000208c0000)]
  0x00000000201f0800 JavaThread "Finalizer" daemon [_thread_blocked, id=680, stack(0x00000000205d0000,0x00000000206d0000)]
  0x000000001e2ed800 JavaThread "Reference Handler" daemon [_thread_blocked, id=11176, stack(0x00000000200d0000,0x00000000201d0000)]

Other Threads:
  0x000000001e2e8800 VMThread [stack: 0x000000001ffd0000,0x00000000200d0000] [id=9276]
  0x0000000020413000 WatcherThread [stack: 0x0000000020fd0000,0x00000000210d0000] [id=6944]

VM state:not at safepoint (normal execution)

VM Mutex/Monitor currently owned by a thread: None

Heap:
 PSYoungGen      total 262656K, used 117408K [0x000000076b600000, 0x000000077f500000, 0x00000007c0000000)
  eden space 254464K, 46% used [0x000000076b600000,0x00000007728a82f0,0x000000077ae80000)
  from space 8192K, 0% used [0x000000077ae80000,0x000000077ae80000,0x000000077b680000)
  to   space 7680K, 0% used [0x000000077ed80000,0x000000077ed80000,0x000000077f500000)
 ParOldGen       total 734720K, used 209819K [0x00000006c2200000, 0x00000006eef80000, 0x000000076b600000)
  object space 734720K, 28% used [0x00000006c2200000,0x00000006ceee6dc8,0x00000006eef80000)
 Metaspace       used 18359K, capacity 18810K, committed 18944K, reserved 1064960K
  class space    used 2349K, capacity 2471K, committed 2560K, reserved 1048576K

Card table byte_map: [0x0000000013c90000,0x0000000014480000] byte_map_base: 0x000000001067f000

Marking Bits: (ParMarkBitMap*) 0x0000000062d8f860
 Begin Bits: [0x00000000151d0000, 0x0000000019148000)
 End Bits:   [0x0000000019148000, 0x000000001d0c0000)

Polling page: 0x0000000004430000

CodeCache: size=245760Kb used=11580Kb max_used=11859Kb free=234179Kb
 bounds [0x00000000048d0000, 0x0000000005490000, 0x00000000138d0000]
 total_blobs=3834 nmethods=3233 adapters=510
 compilation: enabled

Compilation events (10 events):
Event: 18.530 Thread 0x000000002029e800 3800 %     4       aim4.sim.simulator.rim.AutoDriverOnlySimulator::computeNextVehicle @ 56 (570 bytes)
Event: 18.531 Thread 0x00000000202a0000 3801       4       java.util.TreeMap$Values::iterator (19 bytes)
Event: 18.531 Thread 0x000000002029f000 nmethod 3798 0x0000000004b521d0 code [0x0000000004b52320, 0x0000000004b52478]
Event: 18.534 Thread 0x00000000202a0000 nmethod 3801 0x0000000004bd82d0 code [0x0000000004bd8420, 0x0000000004bd8598]
Event: 18.535 Thread 0x0000000020283800 3802       3       aim4.vehicle.VinRegistry::getVehicleFromVIN (49 bytes)
Event: 18.535 Thread 0x0000000020283800 nmethod 3802 0x00000000049d13d0 code [0x00000000049d15c0, 0x00000000049d20d8]
Event: 18.544 Thread 0x000000002029f000 3803 %     4       aim4.im.rim.v2i.reservation.ReservationGridManager::findTileTimesBySimulation @ 231 (331 bytes)
Event: 18.545 Thread 0x00000000202a0000 3804   !   4       aim4.im.rim.v2i.reservation.ReservationArray::reserve (453 bytes)
Event: 18.631 Thread 0x0000000020283800 3806       3       aim4.vehicle.AccelSchedule::calcFinalDistanceAndVelocity (245 bytes)
Event: 18.632 Thread 0x0000000020283800 nmethod 3806 0x000000000514a0d0 code [0x000000000514a320, 0x000000000514b098]

GC Heap History (10 events):
Event: 3.517 GC heap before
{Heap before GC invocations=14 (full 5):
 PSYoungGen      total 211456K, used 188266K [0x000000076b600000, 0x0000000779000000, 0x00000007c0000000)
  eden space 201728K, 93% used [0x000000076b600000,0x0000000776da2b10,0x0000000777b00000)
  from space 9728K, 2% used [0x0000000778400000,0x0000000778438000,0x0000000778d80000)
  to   space 9216K, 0% used [0x0000000777b00000,0x0000000777b00000,0x0000000778400000)
 ParOldGen       total 449536K, used 174217K [0x00000006c2200000, 0x00000006dd900000, 0x000000076b600000)
  object space 449536K, 38% used [0x00000006c2200000,0x00000006ccc22558,0x00000006dd900000)
 Metaspace       used 14629K, capacity 14812K, committed 15104K, reserved 1062912K
  class space    used 1940K, capacity 2024K, committed 2048K, reserved 1048576K
Event: 3.524 GC heap after
Heap after GC invocations=14 (full 5):
 PSYoungGen      total 210944K, used 256K [0x000000076b600000, 0x000000077bf80000, 0x00000007c0000000)
  eden space 201728K, 0% used [0x000000076b600000,0x000000076b600000,0x0000000777b00000)
  from space 9216K, 2% used [0x0000000777b00000,0x0000000777b40000,0x0000000778400000)
  to   space 8704K, 0% used [0x000000077b700000,0x000000077b700000,0x000000077bf80000)
 ParOldGen       total 449536K, used 266280K [0x00000006c2200000, 0x00000006dd900000, 0x000000076b600000)
  object space 449536K, 59% used [0x00000006c2200000,0x00000006d260a378,0x00000006dd900000)
 Metaspace       used 14629K, capacity 14812K, committed 15104K, reserved 1062912K
  class space    used 1940K, capacity 2024K, committed 2048K, reserved 1048576K
}
Event: 12.894 GC heap before
{Heap before GC invocations=15 (full 5):
 PSYoungGen      total 210944K, used 162946K [0x000000076b600000, 0x000000077bf80000, 0x00000007c0000000)
  eden space 201728K, 80% used [0x000000076b600000,0x00000007754e09c0,0x0000000777b00000)
  from space 9216K, 2% used [0x0000000777b00000,0x0000000777b40000,0x0000000778400000)
  to   space 8704K, 0% used [0x000000077b700000,0x000000077b700000,0x000000077bf80000)
 ParOldGen       total 449536K, used 266280K [0x00000006c2200000, 0x00000006dd900000, 0x000000076b600000)
  object space 449536K, 59% used [0x00000006c2200000,0x00000006d260a378,0x00000006dd900000)
 Metaspace       used 16230K, capacity 16422K, committed 16640K, reserved 1062912K
  class space    used 2176K, capacity 2259K, committed 2304K, reserved 1048576K
Event: 12.917 GC heap after
Heap after GC invocations=15 (full 5):
 PSYoungGen      total 262144K, used 416K [0x000000076b600000, 0x000000077be80000, 0x00000007c0000000)
  eden space 254464K, 0% used [0x000000076b600000,0x000000076b600000,0x000000077ae80000)
  from space 7680K, 5% used [0x000000077b700000,0x000000077b768000,0x000000077be80000)
  to   space 8192K, 0% used [0x000000077ae80000,0x000000077ae80000,0x000000077b680000)
 ParOldGen       total 449536K, used 358352K [0x00000006c2200000, 0x00000006dd900000, 0x000000076b600000)
  object space 449536K, 79% used [0x00000006c2200000,0x00000006d7ff4198,0x00000006dd900000)
 Metaspace       used 16230K, capacity 16422K, committed 16640K, reserved 1062912K
  class space    used 2176K, capacity 2259K, committed 2304K, reserved 1048576K
}
Event: 12.917 GC heap before
{Heap before GC invocations=16 (full 6):
 PSYoungGen      total 262144K, used 416K [0x000000076b600000, 0x000000077be80000, 0x00000007c0000000)
  eden space 254464K, 0% used [0x000000076b600000,0x000000076b600000,0x000000077ae80000)
  from space 7680K, 5% used [0x000000077b700000,0x000000077b768000,0x000000077be80000)
  to   space 8192K, 0% used [0x000000077ae80000,0x000000077ae80000,0x000000077b680000)
 ParOldGen       total 449536K, used 358352K [0x00000006c2200000, 0x00000006dd900000, 0x000000076b600000)
  object space 449536K, 79% used [0x00000006c2200000,0x00000006d7ff4198,0x00000006dd900000)
 Metaspace       used 16230K, capacity 16422K, committed 16640K, reserved 1062912K
  class space    used 2176K, capacity 2259K, committed 2304K, reserved 1048576K
Event: 12.960 GC heap after
Heap after GC invocations=16 (full 6):
 PSYoungGen      total 262144K, used 0K [0x000000076b600000, 0x000000077be80000, 0x00000007c0000000)
  eden space 254464K, 0% used [0x000000076b600000,0x000000076b600000,0x000000077ae80000)
  from space 7680K, 0% used [0x000000077b700000,0x000000077b700000,0x000000077be80000)
  to   space 8192K, 0% used [0x000000077ae80000,0x000000077ae80000,0x000000077b680000)
 ParOldGen       total 449536K, used 51655K [0x00000006c2200000, 0x00000006dd900000, 0x000000076b600000)
  object space 449536K, 11% used [0x00000006c2200000,0x00000006c5471f00,0x00000006dd900000)
 Metaspace       used 16230K, capacity 16422K, committed 16640K, reserved 1062912K
  class space    used 2176K, capacity 2259K, committed 2304K, reserved 1048576K
}
Event: 15.180 GC heap before
{Heap before GC invocations=17 (full 6):
 PSYoungGen      total 262144K, used 254464K [0x000000076b600000, 0x000000077be80000, 0x00000007c0000000)
  eden space 254464K, 100% used [0x000000076b600000,0x000000077ae80000,0x000000077ae80000)
  from space 7680K, 0% used [0x000000077b700000,0x000000077b700000,0x000000077be80000)
  to   space 8192K, 0% used [0x000000077ae80000,0x000000077ae80000,0x000000077b680000)
 ParOldGen       total 449536K, used 51655K [0x00000006c2200000, 0x00000006dd900000, 0x000000076b600000)
  object space 449536K, 11% used [0x00000006c2200000,0x00000006c5471f00,0x00000006dd900000)
 Metaspace       used 18227K, capacity 18650K, committed 18944K, reserved 1064960K
  class space    used 2346K, capacity 2439K, committed 2560K, reserved 1048576K
Event: 15.226 GC heap after
Heap after GC invocations=17 (full 6):
 PSYoungGen      total 262656K, used 1792K [0x000000076b600000, 0x000000077f500000, 0x00000007c0000000)
  eden space 254464K, 0% used [0x000000076b600000,0x000000076b600000,0x000000077ae80000)
  from space 8192K, 21% used [0x000000077ae80000,0x000000077b040010,0x000000077b680000)
  to   space 7680K, 0% used [0x000000077ed80000,0x000000077ed80000,0x000000077f500000)
 ParOldGen       total 449536K, used 408324K [0x00000006c2200000, 0x00000006dd900000, 0x000000076b600000)
  object space 449536K, 90% used [0x00000006c2200000,0x00000006db0c1318,0x00000006dd900000)
 Metaspace       used 18227K, capacity 18650K, committed 18944K, reserved 1064960K
  class space    used 2346K, capacity 2439K, committed 2560K, reserved 1048576K
}
Event: 15.226 GC heap before
{Heap before GC invocations=18 (full 7):
 PSYoungGen      total 262656K, used 1792K [0x000000076b600000, 0x000000077f500000, 0x00000007c0000000)
  eden space 254464K, 0% used [0x000000076b600000,0x000000076b600000,0x000000077ae80000)
  from space 8192K, 21% used [0x000000077ae80000,0x000000077b040010,0x000000077b680000)
  to   space 7680K, 0% used [0x000000077ed80000,0x000000077ed80000,0x000000077f500000)
 ParOldGen       total 449536K, used 408324K [0x00000006c2200000, 0x00000006dd900000, 0x000000076b600000)
  object space 449536K, 90% used [0x00000006c2200000,0x00000006db0c1318,0x00000006dd900000)
 Metaspace       used 18227K, capacity 18650K, committed 18944K, reserved 1064960K
  class space    used 2346K, capacity 2439K, committed 2560K, reserved 1048576K
Event: 15.253 GC heap after
Heap after GC invocations=18 (full 7):
 PSYoungGen      total 262656K, used 0K [0x000000076b600000, 0x000000077f500000, 0x00000007c0000000)
  eden space 254464K, 0% used [0x000000076b600000,0x000000076b600000,0x000000077ae80000)
  from space 8192K, 0% used [0x000000077ae80000,0x000000077ae80000,0x000000077b680000)
  to   space 7680K, 0% used [0x000000077ed80000,0x000000077ed80000,0x000000077f500000)
 ParOldGen       total 734720K, used 209819K [0x00000006c2200000, 0x00000006eef80000, 0x000000076b600000)
  object space 734720K, 28% used [0x00000006c2200000,0x00000006ceee6dc8,0x00000006eef80000)
 Metaspace       used 18227K, capacity 18650K, committed 18944K, reserved 1064960K
  class space    used 2346K, capacity 2439K, committed 2560K, reserved 1048576K
}

Deoptimization events (10 events):
Event: 16.233 Thread 0x00000000215a8800 Uncommon trap: reason=unstable_if action=reinterpret pc=0x0000000005273730 method=java.awt.geom.Line2D.relativeCCW(DDDDDD)I @ 41
Event: 16.233 Thread 0x00000000215a8800 Uncommon trap: reason=unstable_if action=reinterpret pc=0x0000000004ad6f58 method=java.awt.geom.Line2D.relativeCCW(DDDDDD)I @ 41
Event: 16.372 Thread 0x00000000215a8800 Uncommon trap: reason=unstable_if action=reinterpret pc=0x0000000005392dc4 method=aim4.sim.simulator.rim.AutoDriverOnlySimulator.computeNextVehicle(Ljava/util/Map;)Ljava/util/Map; @ 484
Event: 16.394 Thread 0x00000000215a8800 Uncommon trap: reason=unstable_if action=reinterpret pc=0x0000000005373440 method=aim4.sim.simulator.rim.AutoDriverOnlySimulator.computeNextVehicle(Ljava/util/Map;)Ljava/util/Map; @ 484
Event: 16.400 Thread 0x00000000215a8800 Uncommon trap: reason=unstable_if action=reinterpret pc=0x00000000050b4ea0 method=java.lang.Math.max(DD)D @ 11
Event: 16.489 Thread 0x00000000215a8800 Uncommon trap: reason=unstable_if action=reinterpret pc=0x00000000053c9f78 method=java.util.TreeMap.key(Ljava/util/TreeMap$Entry;)Ljava/lang/Object; @ 1
Event: 17.374 Thread 0x00000000215a8800 Uncommon trap: reason=unstable_if action=reinterpret pc=0x000000000539cd94 method=sun.awt.geom.Curve.pointCrossingsForLine(DDDDDD)I @ 59
Event: 17.404 Thread 0x00000000215a8800 Uncommon trap: reason=unstable_if action=reinterpret pc=0x000000000541ba1c method=sun.awt.geom.Order0.accumulateCrossings(Lsun/awt/geom/Crossings;)Z @ 45
Event: 17.429 Thread 0x00000000215a8800 Uncommon trap: reason=unstable_if action=reinterpret pc=0x0000000004de029c method=aim4.sim.simulator.rim.AutoDriverOnlySimulator.computeNextVehicle(Ljava/util/Map;)Ljava/util/Map; @ 364
Event: 17.443 Thread 0x00000000215a8800 Uncommon trap: reason=unstable_if action=reinterpret pc=0x00000000050ab3e0 method=aim4.sim.simulator.rim.AutoDriverOnlySimulator.computeNextVehicle(Ljava/util/Map;)Ljava/util/Map; @ 297

Classes redefined (0 events):
No events

Internal exceptions (10 events):
Event: 0.263 Thread 0x00000000047d2800 Exception <a 'java/io/FileNotFoundException'> (0x000000076bd82c20) thrown at [C:\re\workspace\8-2-build-windows-amd64-cygwin\jdk8u161\10277\hotspot\src\share\vm\prims\jni.cpp, line 709]
Event: 0.303 Thread 0x00000000047d2800 Implicit null exception at 0x00000000049e2295 to 0x00000000049e246d
Event: 6.349 Thread 0x000000002164e800 Implicit null exception at 0x0000000004d66870 to 0x0000000004d66ae8
Event: 6.779 Thread 0x000000002164e800 Implicit null exception at 0x0000000004f5f069 to 0x0000000004f60e85
Event: 13.050 Thread 0x000000002164e800 Implicit null exception at 0x00000000050f7859 to 0x00000000050f788d
Event: 13.052 Thread 0x000000002164e800 Implicit null exception at 0x00000000049ee7a2 to 0x00000000049ee7de
Event: 13.064 Thread 0x000000002164e800 Implicit null exception at 0x0000000005114a91 to 0x0000000005114abd
Event: 14.055 Thread 0x000000002164e800 Implicit null exception at 0x0000000004ab92aa to 0x0000000004aba451
Event: 16.489 Thread 0x00000000215a8800 Implicit null exception at 0x00000000053c9f30 to 0x00000000053c9f6e
Event: 17.443 Thread 0x00000000215a8800 Implicit null exception at 0x00000000050a91e3 to 0x00000000050ab3b1

Events (10 events):
Event: 18.527 loading class java/util/SortedSet
Event: 18.527 loading class java/util/SortedSet done
Event: 18.527 loading class java/util/NavigableSet done
Event: 18.527 loading class java/util/TreeMap$KeySet done
Event: 18.527 loading class java/util/TreeMap$KeyIterator
Event: 18.527 loading class java/util/TreeMap$KeyIterator done
Event: 18.527 Executing VM operation: Deoptimize
Event: 18.528 Executing VM operation: Deoptimize done
Event: 18.545 Thread 0x00000000215a8800 DEOPT PACKING pc=0x0000000004e37580 sp=0x000000002760ea60
Event: 18.545 Thread 0x00000000215a8800 DEOPT UNPACKING pc=0x0000000004917890 sp=0x000000002760e808 mode 0


Dynamic libraries:
0x00007ff719320000 - 0x00007ff719357000 	C:\Program Files\Java\JDK8\bin\java.exe
0x00007ff9a74b0000 - 0x00007ff9a7690000 	C:\WINDOWS\SYSTEM32\ntdll.dll
0x00007ff9a71c0000 - 0x00007ff9a726e000 	C:\WINDOWS\System32\KERNEL32.DLL
0x00007ff9a4690000 - 0x00007ff9a48f6000 	C:\WINDOWS\System32\KERNELBASE.dll
0x00007ff9a6e30000 - 0x00007ff9a6ed1000 	C:\WINDOWS\System32\ADVAPI32.dll
0x00007ff9a5fe0000 - 0x00007ff9a607d000 	C:\WINDOWS\System32\msvcrt.dll
0x00007ff9a6ee0000 - 0x00007ff9a6f3b000 	C:\WINDOWS\System32\sechost.dll
0x00007ff9a6d10000 - 0x00007ff9a6e2f000 	C:\WINDOWS\System32\RPCRT4.dll
0x00007ff9a5e50000 - 0x00007ff9a5fdf000 	C:\WINDOWS\System32\USER32.dll
0x00007ff9a44a0000 - 0x00007ff9a44c0000 	C:\WINDOWS\System32\win32u.dll
0x00007ff9a6c20000 - 0x00007ff9a6c48000 	C:\WINDOWS\System32\GDI32.dll
0x00007ff9a3b00000 - 0x00007ff9a3c93000 	C:\WINDOWS\System32\gdi32full.dll
0x00007ff9a3910000 - 0x00007ff9a39ab000 	C:\WINDOWS\System32\msvcp_win.dll
0x00007ff9a39b0000 - 0x00007ff9a3aa6000 	C:\WINDOWS\System32\ucrtbase.dll
0x00007ff98a480000 - 0x00007ff98a6e9000 	C:\WINDOWS\WinSxS\amd64_microsoft.windows.common-controls_6595b64144ccf1df_6.0.16299.251_none_15c7cfda9365a4c7\COMCTL32.dll
0x00007ff9a61a0000 - 0x00007ff9a64a8000 	C:\WINDOWS\System32\combase.dll
0x00007ff9a4900000 - 0x00007ff9a4972000 	C:\WINDOWS\System32\bcryptPrimitives.dll
0x00007ff9a6ce0000 - 0x00007ff9a6d0d000 	C:\WINDOWS\System32\IMM32.DLL
0x00007ff9a2a50000 - 0x00007ff9a2a81000 	C:\WINDOWS\SYSTEM32\ntmarta.dll
0x00007ff9a3730000 - 0x00007ff9a3760000 	C:\WINDOWS\SYSTEM32\SspiCli.dll
0x0000000063a40000 - 0x0000000063b12000 	C:\Program Files\Java\JDK8\jre\bin\msvcr100.dll
0x0000000062570000 - 0x0000000062e0f000 	C:\Program Files\Java\JDK8\jre\bin\server\jvm.dll
0x00007ff9a6c50000 - 0x00007ff9a6c58000 	C:\WINDOWS\System32\PSAPI.DLL
0x00007ff9912b0000 - 0x00007ff9912b9000 	C:\WINDOWS\SYSTEM32\WSOCK32.dll
0x00007ff9a7410000 - 0x00007ff9a747c000 	C:\WINDOWS\System32\WS2_32.dll
0x00007ff99f980000 - 0x00007ff99f9a3000 	C:\WINDOWS\SYSTEM32\WINMM.dll
0x00007ff998990000 - 0x00007ff99899a000 	C:\WINDOWS\SYSTEM32\VERSION.dll
0x00007ff99f920000 - 0x00007ff99f94a000 	C:\WINDOWS\SYSTEM32\winmmbase.dll
0x00007ff9a3ab0000 - 0x00007ff9a3afa000 	C:\WINDOWS\System32\cfgmgr32.dll
0x0000000063a30000 - 0x0000000063a3f000 	C:\Program Files\Java\JDK8\jre\bin\verify.dll
0x0000000063a00000 - 0x0000000063a29000 	C:\Program Files\Java\JDK8\jre\bin\java.dll
0x0000000063990000 - 0x00000000639b3000 	C:\Program Files\Java\JDK8\jre\bin\instrument.dll
0x00000000639c0000 - 0x00000000639d6000 	C:\Program Files\Java\JDK8\jre\bin\zip.dll
0x00007ff9a4a10000 - 0x00007ff9a5e46000 	C:\WINDOWS\System32\SHELL32.dll
0x00007ff9a6fa0000 - 0x00007ff9a7046000 	C:\WINDOWS\System32\shcore.dll
0x00007ff9a3d50000 - 0x00007ff9a4497000 	C:\WINDOWS\System32\windows.storage.dll
0x00007ff9a64b0000 - 0x00007ff9a6501000 	C:\WINDOWS\System32\shlwapi.dll
0x00007ff9a3840000 - 0x00007ff9a3851000 	C:\WINDOWS\System32\kernel.appcore.dll
0x00007ff9a3860000 - 0x00007ff9a38ac000 	C:\WINDOWS\System32\powrprof.dll
0x00007ff9a3800000 - 0x00007ff9a381b000 	C:\WINDOWS\System32\profapi.dll
0x00007ff99f680000 - 0x00007ff99f69a000 	C:\Program Files\JetBrains\IntelliJ IDEA Community Edition 2017.3.4\bin\breakgen64.dll
0x0000000063970000 - 0x000000006398a000 	C:\Program Files\Java\JDK8\jre\bin\net.dll
0x00007ff9a3090000 - 0x00007ff9a30f6000 	C:\WINDOWS\system32\mswsock.dll
0x00000000623d0000 - 0x0000000062568000 	C:\Program Files\Java\JDK8\jre\bin\awt.dll
0x00007ff9a6510000 - 0x00007ff9a65d5000 	C:\WINDOWS\System32\OLEAUT32.dll
0x00007ff9a1bd0000 - 0x00007ff9a1c58000 	C:\WINDOWS\SYSTEM32\apphelp.dll
0x00007ff9a1fc0000 - 0x00007ff9a1fea000 	C:\WINDOWS\system32\DWMAPI.DLL
0x00007ff9a1d00000 - 0x00007ff9a1d95000 	C:\WINDOWS\system32\uxtheme.dll
0x00007ff98c020000 - 0x00007ff98c13e000 	C:\WINDOWS\system32\opengl32.dll
0x00007ff99aac0000 - 0x00007ff99aaec000 	C:\WINDOWS\SYSTEM32\GLU32.dll
0x00007ff9a7050000 - 0x00007ff9a71b7000 	C:\WINDOWS\System32\MSCTF.dll
0x00007ff9a65e0000 - 0x00007ff9a6729000 	C:\WINDOWS\System32\ole32.dll
0x00007ff9722c0000 - 0x00007ff9724ed000 	C:\Program Files\Acer\Acer Power Management\SysHook.dll
0x00007ff9a6080000 - 0x00007ff9a618a000 	C:\WINDOWS\System32\COMDLG32.dll
0x00007ff984170000 - 0x00007ff984177000 	C:\WINDOWS\SYSTEM32\MSIMG32.dll
0x00007ff982bb0000 - 0x00007ff982c36000 	C:\WINDOWS\SYSTEM32\WINSPOOL.DRV
0x00007ff982d40000 - 0x00007ff982edc000 	C:\WINDOWS\WinSxS\amd64_microsoft.windows.gdiplus_6595b64144ccf1df_1.1.16299.251_none_46b2c2bfedf81e95\gdiplus.dll
0x00007ff987380000 - 0x00007ff9873ee000 	C:\WINDOWS\SYSTEM32\OLEACC.dll
0x00007ff9a2e20000 - 0x00007ff9a2e59000 	C:\WINDOWS\SYSTEM32\IPHLPAPI.DLL
0x00007ff9a3360000 - 0x00007ff9a3385000 	C:\WINDOWS\SYSTEM32\bcrypt.dll
0x0000000063920000 - 0x0000000063967000 	C:\Program Files\Java\JDK8\jre\bin\fontmanager.dll
0x0000000063900000 - 0x0000000063911000 	C:\Program Files\Java\JDK8\jre\bin\nio.dll
0x00000000638b0000 - 0x00000000638f2000 	C:\Program Files\Java\JDK8\jre\bin\t2k.dll
0x00007ff9a3250000 - 0x00007ff9a3267000 	C:\WINDOWS\SYSTEM32\CRYPTSP.dll
0x00007ff9a2ca0000 - 0x00007ff9a2cd3000 	C:\WINDOWS\system32\rsaenh.dll
0x00007ff9a3700000 - 0x00007ff9a3729000 	C:\WINDOWS\SYSTEM32\USERENV.dll
0x00007ff9a3270000 - 0x00007ff9a327b000 	C:\WINDOWS\SYSTEM32\CRYPTBASE.dll
0x00007ff9a6190000 - 0x00007ff9a6198000 	C:\WINDOWS\System32\NSI.dll
0x00007ff99d980000 - 0x00007ff99d996000 	C:\WINDOWS\SYSTEM32\dhcpcsvc6.DLL
0x00007ff99e2f0000 - 0x00007ff99e30a000 	C:\WINDOWS\SYSTEM32\dhcpcsvc.DLL
0x00007ff9a6b80000 - 0x00007ff9a6c1e000 	C:\WINDOWS\System32\clbcatq.dll
0x00007ff99dff0000 - 0x00007ff99e19b000 	C:\WINDOWS\SYSTEM32\WindowsCodecs.dll
0x00007ff98bfd0000 - 0x00007ff98c01f000 	C:\WINDOWS\system32\dataexchange.dll
0x00007ff9a0d10000 - 0x00007ff9a0ff2000 	C:\WINDOWS\system32\d3d11.dll
0x00007ff9a16a0000 - 0x00007ff9a17e2000 	C:\WINDOWS\system32\dcomp.dll
0x00007ff9a2670000 - 0x00007ff9a271f000 	C:\WINDOWS\system32\dxgi.dll
0x00007ff9a20b0000 - 0x00007ff9a222b000 	C:\WINDOWS\system32\twinapi.appcore.dll
0x00007ff9a2230000 - 0x00007ff9a2250000 	C:\WINDOWS\system32\RMCLIENT.dll
0x00007ff99aaf0000 - 0x00007ff99ab88000 	C:\WINDOWS\System32\TextInputFramework.dll
0x00007ff9a15c0000 - 0x00007ff9a169c000 	C:\WINDOWS\System32\CoreMessaging.dll
0x00007ff99dbd0000 - 0x00007ff99debe000 	C:\WINDOWS\System32\CoreUIComponents.dll
0x00007ff99fca0000 - 0x00007ff99fdd6000 	C:\WINDOWS\SYSTEM32\wintypes.dll
0x00007ff9939d0000 - 0x00007ff993a76000 	C:\WINDOWS\WinSxS\amd64_microsoft.windows.common-controls_6595b64144ccf1df_5.82.16299.251_none_887b85fe4ab93232\comctl32.dll
0x00007ff99f2c0000 - 0x00007ff99f471000 	C:\WINDOWS\SYSTEM32\PROPSYS.dll
0x00007ff99fa50000 - 0x00007ff99fa69000 	C:\WINDOWS\SYSTEM32\CLDAPI.dll
0x00007ff997a20000 - 0x00007ff997a2a000 	C:\WINDOWS\SYSTEM32\FLTLIB.DLL
0x00007ff983790000 - 0x00007ff9837d4000 	C:\WINDOWS\SYSTEM32\AEPIC.dll
0x00007ff99cdd0000 - 0x00007ff99d3c4000 	C:\Windows\System32\OneCoreUAPCommonProxyStub.dll
0x00007ff972cb0000 - 0x00007ff972dd7000 	C:\WINDOWS\system32\NetworkExplorer.dll
0x00007ff992a80000 - 0x00007ff992a9b000 	C:\WINDOWS\SYSTEM32\MPR.dll
0x00007ff99b380000 - 0x00007ff99b38b000 	C:\WINDOWS\System32\drprov.dll
0x00007ff9a29a0000 - 0x00007ff9a29f5000 	C:\WINDOWS\System32\WINSTA.dll
0x00007ff9883d0000 - 0x00007ff9883e6000 	C:\WINDOWS\System32\ntlanman.dll
0x00007ff9883b0000 - 0x00007ff9883cc000 	C:\WINDOWS\System32\davclnt.dll
0x00007ff99b370000 - 0x00007ff99b37c000 	C:\WINDOWS\System32\DAVHLPR.dll
0x00007ff99f170000 - 0x00007ff99f187000 	C:\WINDOWS\System32\wkscli.dll
0x00007ff983860000 - 0x00007ff983872000 	C:\WINDOWS\SYSTEM32\cscapi.dll
0x00007ff9a2f20000 - 0x00007ff9a2f2e000 	C:\WINDOWS\System32\netutils.dll
0x00007ff977df0000 - 0x00007ff977e3a000 	C:\Windows\System32\dlnashext.dll
0x00007ff99b700000 - 0x00007ff99b763000 	C:\Windows\System32\PlayToDevice.dll
0x00007ff95c070000 - 0x00007ff95c08f000 	C:\Windows\System32\DevDispItemProvider.dll
0x00007ff99d4a0000 - 0x00007ff99d50f000 	C:\WINDOWS\System32\MMDevApi.dll
0x00007ff9a3610000 - 0x00007ff9a3637000 	C:\WINDOWS\System32\DEVOBJ.dll
0x00007ff978c10000 - 0x00007ff978def000 	C:\WINDOWS\system32\wpdshext.dll
0x00007ff97d2c0000 - 0x00007ff97d360000 	C:\Windows\System32\PortableDeviceApi.dll
0x00007ff9a6730000 - 0x00007ff9a6b7e000 	C:\WINDOWS\System32\SETUPAPI.dll
0x00007ff9a38b0000 - 0x00007ff9a3908000 	C:\WINDOWS\System32\WINTRUST.dll
0x00007ff9a3820000 - 0x00007ff9a3832000 	C:\WINDOWS\System32\MSASN1.dll
0x00007ff9a44c0000 - 0x00007ff9a468e000 	C:\WINDOWS\System32\CRYPT32.dll
0x00007ff9871b0000 - 0x00007ff9871e6000 	C:\Windows\System32\EhStorShell.dll
0x00007ff99ba10000 - 0x00007ff99ba35000 	C:\Windows\System32\EhStorAPI.dll
0x00007ff99f1e0000 - 0x00007ff99f1f3000 	C:\Windows\System32\WTSAPI32.dll
0x00007ff99e5b0000 - 0x00007ff99e5c0000 	C:\WINDOWS\SYSTEM32\LINKINFO.dll
0x00000000622c0000 - 0x00000000622ea000 	C:\Program Files\Java\JDK8\jre\bin\dcpr.dll
0x00007ff983fa0000 - 0x00007ff984168000 	C:\WINDOWS\SYSTEM32\dbghelp.dll

VM Arguments:
jvm_args: -javaagent:C:\Program Files\JetBrains\IntelliJ IDEA Community Edition 2017.3.4\lib\idea_rt.jar=54416:C:\Program Files\JetBrains\IntelliJ IDEA Community Edition 2017.3.4\bin -Dfile.encoding=UTF-8 
java_command: aim4.Main
java_class_path (initial): C:\Program Files\Java\JDK8\jre\lib\charsets.jar;C:\Program Files\Java\JDK8\jre\lib\deploy.jar;C:\Program Files\Java\JDK8\jre\lib\ext\access-bridge-64.jar;C:\Program Files\Java\JDK8\jre\lib\ext\cldrdata.jar;C:\Program Files\Java\JDK8\jre\lib\ext\dnsns.jar;C:\Program Files\Java\JDK8\jre\lib\ext\jaccess.jar;C:\Program Files\Java\JDK8\jre\lib\ext\jfxrt.jar;C:\Program Files\Java\JDK8\jre\lib\ext\localedata.jar;C:\Program Files\Java\JDK8\jre\lib\ext\nashorn.jar;C:\Program Files\Java\JDK8\jre\lib\ext\sunec.jar;C:\Program Files\Java\JDK8\jre\lib\ext\sunjce_provider.jar;C:\Program Files\Java\JDK8\jre\lib\ext\sunmscapi.jar;C:\Program Files\Java\JDK8\jre\lib\ext\sunpkcs11.jar;C:\Program Files\Java\JDK8\jre\lib\ext\zipfs.jar;C:\Program Files\Java\JDK8\jre\lib\javaws.jar;C:\Program Files\Java\JDK8\jre\lib\jce.jar;C:\Program Files\Java\JDK8\jre\lib\jfr.jar;C:\Program Files\Java\JDK8\jre\lib\jfxswt.jar;C:\Program Files\Java\JDK8\jre\lib\jsse.jar;C:\Program Files\Java\JDK8\jre\lib\management-agent.jar;C:\Program Files\Java\JDK8\jre\lib\plugin.jar;C:\Program Files\Java\JDK8\jre\lib\resources.jar;C:\Program Files\Java\JDK8\jre\lib\rt.jar;B:\Projects\AVSimulatorProject\target\classes;C:\Users\dydi_\.m2\repository\net\sourceforge\javacsv\javacsv\2.0\javacsv-2.0.jar;C:\Users\dydi_\.m2\repository\com\googlecode\json-simple\json-simple\1.1.1\json-simple-1.1.1.jar;C:\Users\dydi_\.m2\repository\junit\junit\4.12\junit-4.12.jar;C:\Users\dydi_\.m2\repository\org\hamcrest\hamcrest-core\1.3\hamcrest-core-1.3.jar;C:\Users\dydi_\.m2\repository\org\mockito\mockito-all\1.9.5\mockito-all-1.9.5.jar;C:\Program Files\JetBrains\IntelliJ IDEA Community Edition 2017.3.4\lib\idea_rt.jar
Launcher Type: SUN_STANDARD

Environment Variables:
PATH=C:\ProgramData\Oracle\Java\javapath;C:\Program Files (x86)\Intel\iCLS Client\;C:\Program Files\Intel\iCLS Client\;C:\Windows\system32;C:\Windows;C:\Windows\System32\Wbem;C:\Windows\System32\WindowsPowerShell\v1.0\;C:\Program Files (x86)\Intel\Intel(R) Management Engine Components\DAL;C:\Program Files\Intel\Intel(R) Management Engine Components\DAL;C:\Program Files (x86)\Intel\Intel(R) Management Engine Components\IPT;C:\Program Files\Intel\Intel(R) Management Engine Components\IPT;C:\Program Files (x86)\NVIDIA Corporation\PhysX\Common;C:\Program Files\Git\cmd;C:\WINDOWS\system32;C:\WINDOWS;C:\WINDOWS\System32\Wbem;C:\WINDOWS\System32\WindowsPowerShell\v1.0\;C:\Users\dydi_\AppData\Local\Microsoft\WindowsApps;
USERNAME=dydi_
OS=Windows_NT
PROCESSOR_IDENTIFIER=Intel64 Family 6 Model 94 Stepping 3, GenuineIntel



---------------  S Y S T E M  ---------------

OS: Windows 10.0 , 64 bit Build 16299 (10.0.16299.15)

CPU:total 8 (initial active 8) (4 cores per cpu, 2 threads per core) family 6 model 94 stepping 3, cmov, cx8, fxsr, mmx, sse, sse2, sse3, ssse3, sse4.1, sse4.2, popcnt, avx, avx2, aes, clmul, erms, rtm, 3dnowpref, lzcnt, ht, tsc, tscinvbit, bmi1, bmi2, adx

Memory: 4k page, physical 16637600k(10159716k free), swap 19652256k(12330376k free)

vm_info: Java HotSpot(TM) 64-Bit Server VM (25.161-b12) for windows-amd64 JRE (1.8.0_161-b12), built on Dec 19 2017 17:52:25 by "java_re" with MS VC++ 10.0 (VS2010)

time: Mon Mar 12 23:27:05 2018
elapsed time: 18 seconds (0d 0h 0m 18s)

